c:\users\paweł\mgr\floydwarshall\debug\vc120.pdb
c:\users\paweł\mgr\floydwarshall\debug\vc120.idb
c:\users\paweł\mgr\floydwarshall\debug\floyd_warshall_algorithm.obj
c:\users\paweł\mgr\floydwarshall\debug\graph_generator.obj
c:\users\paweł\mgr\floydwarshall\debug\main.obj
c:\users\paweł\mgr\floydwarshall\debug\settings.obj
c:\users\paweł\mgr\floydwarshall\debug\file_reader_writer.obj
c:\users\paweł\mgr\floydwarshall\debug\floyd_warshall_open_mp.obj
c:\users\paweł\mgr\debug\floydwarshall.pdb
c:\users\paweł\mgr\floydwarshall\debug\floydwarshall.tlog\cl.command.1.tlog
c:\users\paweł\mgr\floydwarshall\debug\floydwarshall.tlog\cl.read.1.tlog
c:\users\paweł\mgr\floydwarshall\debug\floydwarshall.tlog\cl.write.1.tlog
c:\users\paweł\mgr\floydwarshall\debug\floydwarshall.tlog\link.6740-cvtres.read.1.tlog
c:\users\paweł\mgr\floydwarshall\debug\floydwarshall.tlog\link.6740-cvtres.write.1.tlog
c:\users\paweł\mgr\floydwarshall\debug\floydwarshall.tlog\link.6740-rc.read.1.tlog
c:\users\paweł\mgr\floydwarshall\debug\floydwarshall.tlog\link.6740-rc.write.1.tlog
c:\users\paweł\mgr\floydwarshall\debug\floydwarshall.tlog\link.6740.read.1.tlog
c:\users\paweł\mgr\floydwarshall\debug\floydwarshall.tlog\link.6740.write.1.tlog
c:\users\paweł\mgr\floydwarshall\debug\floydwarshall.tlog\link.command.1.tlog
c:\users\paweł\mgr\floydwarshall\debug\floydwarshall.tlog\link.read.1.tlog
c:\users\paweł\mgr\floydwarshall\debug\floydwarshall.tlog\link.write.1.tlog
